  [1m[36m (1.7ms)[0m  [1mCREATE TABLE "schema_migrations" ("version" varchar NOT NULL) [0m
  [1m[35m (0.1ms)[0m  select sqlite_version(*)
  [1m[36m (1.6ms)[0m  [1mCREATE UNIQUE INDEX "unique_schema_migrations" ON "schema_migrations" ("version")[0m
  [1m[35mActiveRecord::SchemaMigration Load (0.1ms)[0m  SELECT "schema_migrations".* FROM "schema_migrations"


Started GET "/" for ::1 at 2015-11-17 17:47:54 -0600
Processing by Rails::WelcomeController#index as HTML
  Rendered /Users/admin/.rvm/gems/ruby-2.1.2/gems/railties-4.2.3/lib/rails/templates/rails/welcome/index.html.erb (2.8ms)
Completed 200 OK in 27ms (Views: 19.4ms | ActiveRecord: 0.0ms)
  [1m[36mActiveRecord::SchemaMigration Load (0.1ms)[0m  [1mSELECT "schema_migrations".* FROM "schema_migrations"[0m
Migrating to CreateStudents (1)
  [1m[35m (0.1ms)[0m  begin transaction
  [1m[36m (0.4ms)[0m  [1mCREATE TABLE "students" ("id" INTEGER PRIMARY KEY AUTOINCREMENT NOT NULL, "first_name" varchar, "last_name" varchar, "created_at" datetime NOT NULL, "updated_at" datetime NOT NULL) [0m
  [1m[35mSQL (0.3ms)[0m  INSERT INTO "schema_migrations" ("version") VALUES (?)  [["version", "1"]]
  [1m[36m (1.4ms)[0m  [1mcommit transaction[0m
  [1m[35mActiveRecord::SchemaMigration Load (0.1ms)[0m  SELECT "schema_migrations".* FROM "schema_migrations"
  [1m[36m (0.1ms)[0m  [1mbegin transaction[0m
  [1m[35mSQL (0.3ms)[0m  INSERT INTO "students" ("first_name", "last_name", "created_at", "updated_at") VALUES (?, ?, ?, ?)  [["first_name", "Jordan"], ["last_name", "Hudgens"], ["created_at", "2015-11-18 00:10:55.545365"], ["updated_at", "2015-11-18 00:10:55.545365"]]
  [1m[36m (2.9ms)[0m  [1mcommit transaction[0m
  [1m[35mStudent Load (0.2ms)[0m  SELECT  "students".* FROM "students"  ORDER BY "students"."id" DESC LIMIT 1
  [1m[36m (0.1ms)[0m  [1mbegin transaction[0m
  [1m[35mSQL (0.3ms)[0m  INSERT INTO "students" ("created_at", "updated_at") VALUES (?, ?)  [["created_at", "2015-11-18 00:17:49.095449"], ["updated_at", "2015-11-18 00:17:49.095449"]]
  [1m[36m (1.2ms)[0m  [1mcommit transaction[0m
  [1m[35mStudent Load (0.2ms)[0m  SELECT  "students".* FROM "students"  ORDER BY "students"."id" DESC LIMIT 1
  [1m[36mActiveRecord::SchemaMigration Load (0.1ms)[0m  [1mSELECT "schema_migrations".* FROM "schema_migrations"[0m
  [1m[35mActiveRecord::SchemaMigration Load (0.1ms)[0m  SELECT "schema_migrations".* FROM "schema_migrations"


Started GET "/" for ::1 at 2015-11-18 13:36:42 -0600
  [1m[36mActiveRecord::SchemaMigration Load (0.1ms)[0m  [1mSELECT "schema_migrations".* FROM "schema_migrations"[0m
Processing by Rails::WelcomeController#index as HTML
  Rendered /Users/admin/.rvm/gems/ruby-2.1.2/gems/railties-4.2.3/lib/rails/templates/rails/welcome/index.html.erb (2.4ms)
Completed 200 OK in 39ms (Views: 24.5ms | ActiveRecord: 0.0ms)


Started GET "/" for ::1 at 2015-11-18 13:37:10 -0600
Processing by Rails::WelcomeController#index as HTML
  Rendered /Users/admin/.rvm/gems/ruby-2.1.2/gems/railties-4.2.3/lib/rails/templates/rails/welcome/index.html.erb (0.0ms)
Completed 200 OK in 1ms (Views: 0.7ms | ActiveRecord: 0.0ms)
  [1m[36mActiveRecord::SchemaMigration Load (0.2ms)[0m  [1mSELECT "schema_migrations".* FROM "schema_migrations"[0m
Migrating to CreateSchoolClasses (20170923134706)
  [1m[35m (0.1ms)[0m  begin transaction
  [1m[36m (0.4ms)[0m  [1mCREATE TABLE "school_classes" ("id" INTEGER PRIMARY KEY AUTOINCREMENT NOT NULL, "title" varchar, "room_number" integer, "created_at" datetime NOT NULL, "updated_at" datetime NOT NULL) [0m
  [1m[35mSQL (0.3ms)[0m  INSERT INTO "schema_migrations" ("version") VALUES (?)  [["version", "20170923134706"]]
  [1m[36m (1.0ms)[0m  [1mcommit transaction[0m
  [1m[35mActiveRecord::SchemaMigration Load (0.1ms)[0m  SELECT "schema_migrations".* FROM "schema_migrations"


Started GET "/students/new" for ::1 at 2017-09-23 09:59:27 -0400
  [1m[36mActiveRecord::SchemaMigration Load (0.1ms)[0m  [1mSELECT "schema_migrations".* FROM "schema_migrations"[0m
Processing by StudentsController#new as HTML
  Rendered students/new.html.erb within layouts/application (21.5ms)
Completed 200 OK in 996ms (Views: 978.1ms | ActiveRecord: 0.3ms)


Started GET "/assets/school_classes.self-e3b0c44298fc1c149afbf4c8996fb92427ae41e4649b934ca495991b7852b855.css?body=1" for ::1 at 2017-09-23 09:59:28 -0400


Started GET "/assets/school_classes.self-877aef30ae1b040ab8a3aba4e3e309a11d7f2612f44dde450b5c157aa5f95c05.js?body=1" for ::1 at 2017-09-23 09:59:28 -0400


Started GET "/students/new" for ::1 at 2017-09-23 10:00:33 -0400
Processing by StudentsController#new as HTML
  Rendered students/new.html.erb within layouts/application (1.4ms)
Completed 200 OK in 32ms (Views: 31.4ms | ActiveRecord: 0.0ms)


Started GET "/students/new" for ::1 at 2017-09-23 10:02:02 -0400
Processing by StudentsController#new as HTML
  Rendered students/new.html.erb within layouts/application (1.3ms)
Completed 200 OK in 31ms (Views: 30.9ms | ActiveRecord: 0.0ms)


Started POST "/students" for ::1 at 2017-09-23 10:02:08 -0400
Processing by StudentsController#create as HTML
  Parameters: {"utf8"=>"✓", "authenticity_token"=>"JAkg8BQRpdU9LmW0gFS3n4Dj158TKfMl3tYnABXiAZr4xlkwdeHAzHVqulCc3FxZzCIxOtfhTMckldoTMPcrWw==", "student"=>{"first_name"=>"daenerys", "last_name"=>"targaryen"}, "commit"=>"Create Student"}
  [1m[35m (0.1ms)[0m  begin transaction
  [1m[36mSQL (0.6ms)[0m  [1mINSERT INTO "students" ("first_name", "last_name", "created_at", "updated_at") VALUES (?, ?, ?, ?)[0m  [["first_name", "daenerys"], ["last_name", "targaryen"], ["created_at", "2017-09-23 14:02:08.505601"], ["updated_at", "2017-09-23 14:02:08.505601"]]
  [1m[35m (3.0ms)[0m  commit transaction
Redirected to http://localhost:3000/students/3
Completed 302 Found in 9ms (ActiveRecord: 3.6ms)


Started GET "/students/3" for ::1 at 2017-09-23 10:02:08 -0400
Processing by StudentsController#show as HTML
  Parameters: {"id"=>"3"}
  [1m[36mStudent Load (0.3ms)[0m  [1mSELECT  "students".* FROM "students" WHERE "students"."id" = ? LIMIT 1[0m  [["id", 3]]
  Rendered students/show.html.erb within layouts/application (0.3ms)
Completed 200 OK in 39ms (Views: 29.9ms | ActiveRecord: 0.3ms)


Started GET "/students/3/edit" for ::1 at 2017-09-23 10:02:12 -0400
Processing by StudentsController#edit as HTML
  Parameters: {"id"=>"3"}
  [1m[35mStudent Load (0.1ms)[0m  SELECT  "students".* FROM "students" WHERE "students"."id" = ? LIMIT 1  [["id", 3]]
  Rendered students/edit.html.erb within layouts/application (1.8ms)
Completed 200 OK in 33ms (Views: 31.1ms | ActiveRecord: 0.1ms)


Started PATCH "/students/3" for ::1 at 2017-09-23 10:02:14 -0400
Processing by StudentsController#update as HTML
  Parameters: {"utf8"=>"✓", "authenticity_token"=>"S3YS+dDv4wJTjIfWiuqgBQgWlj/qMM9imIAz5lcWCf2XuWs5sR+GGxvIWDKWYkvDRNdwmi74cIBiw871cgMjPA==", "student"=>{"first_name"=>"dany", "last_name"=>"targaryen"}, "commit"=>"Update Student", "id"=>"3"}
  [1m[36mStudent Load (0.1ms)[0m  [1mSELECT  "students".* FROM "students" WHERE "students"."id" = ? LIMIT 1[0m  [["id", 3]]
  [1m[35m (0.0ms)[0m  begin transaction
  [1m[36mSQL (0.3ms)[0m  [1mUPDATE "students" SET "first_name" = ?, "updated_at" = ? WHERE "students"."id" = ?[0m  [["first_name", "dany"], ["updated_at", "2017-09-23 14:02:14.829049"], ["id", 3]]
  [1m[35m (0.9ms)[0m  commit transaction
Redirected to http://localhost:3000/students/3
Completed 302 Found in 4ms (ActiveRecord: 1.3ms)


Started GET "/students/3" for ::1 at 2017-09-23 10:02:14 -0400
Processing by StudentsController#show as HTML
  Parameters: {"id"=>"3"}
  [1m[36mStudent Load (0.1ms)[0m  [1mSELECT  "students".* FROM "students" WHERE "students"."id" = ? LIMIT 1[0m  [["id", 3]]
  Rendered students/show.html.erb within layouts/application (0.1ms)
Completed 200 OK in 34ms (Views: 33.0ms | ActiveRecord: 0.1ms)


Started GET "/students" for ::1 at 2017-09-23 10:02:17 -0400

ActionController::RoutingError (No route matches [GET] "/students"):
  actionpack (4.2.3) lib/action_dispatch/middleware/debug_exceptions.rb:21:in `call'
  web-console (2.2.1) lib/web_console/middleware.rb:39:in `call'
  actionpack (4.2.3) lib/action_dispatch/middleware/show_exceptions.rb:30:in `call'
  railties (4.2.3) lib/rails/rack/logger.rb:38:in `call_app'
  railties (4.2.3) lib/rails/rack/logger.rb:20:in `block in call'
  activesupport (4.2.3) lib/active_support/tagged_logging.rb:68:in `block in tagged'
  activesupport (4.2.3) lib/active_support/tagged_logging.rb:26:in `tagged'
  activesupport (4.2.3) lib/active_support/tagged_logging.rb:68:in `tagged'
  railties (4.2.3) lib/rails/rack/logger.rb:20:in `call'
  actionpack (4.2.3) lib/action_dispatch/middleware/request_id.rb:21:in `call'
  rack (1.6.4) lib/rack/methodoverride.rb:22:in `call'
  rack (1.6.4) lib/rack/runtime.rb:18:in `call'
  activesupport (4.2.3) lib/active_support/cache/strategy/local_cache_middleware.rb:28:in `call'
  rack (1.6.4) lib/rack/lock.rb:17:in `call'
  actionpack (4.2.3) lib/action_dispatch/middleware/static.rb:116:in `call'
  rack (1.6.4) lib/rack/sendfile.rb:113:in `call'
  railties (4.2.3) lib/rails/engine.rb:518:in `call'
  railties (4.2.3) lib/rails/application.rb:165:in `call'
  rack (1.6.4) lib/rack/lock.rb:17:in `call'
  rack (1.6.4) lib/rack/content_length.rb:15:in `call'
  rack (1.6.4) lib/rack/handler/webrick.rb:88:in `service'
  /Users/cpan/.rvm/rubies/ruby-2.3.1/lib/ruby/2.3.0/webrick/httpserver.rb:140:in `service'
  /Users/cpan/.rvm/rubies/ruby-2.3.1/lib/ruby/2.3.0/webrick/httpserver.rb:96:in `run'
  /Users/cpan/.rvm/rubies/ruby-2.3.1/lib/ruby/2.3.0/webrick/server.rb:296:in `block in start_thread'


  Rendered /Users/cpan/.rvm/gems/ruby-2.3.1/gems/actionpack-4.2.3/lib/action_dispatch/middleware/templates/rescues/_trace.html.erb (1.4ms)
  Rendered /Users/cpan/.rvm/gems/ruby-2.3.1/gems/actionpack-4.2.3/lib/action_dispatch/middleware/templates/routes/_route.html.erb (1.4ms)
  Rendered /Users/cpan/.rvm/gems/ruby-2.3.1/gems/actionpack-4.2.3/lib/action_dispatch/middleware/templates/routes/_table.html.erb (2.5ms)
  Rendered /Users/cpan/.rvm/gems/ruby-2.3.1/gems/actionpack-4.2.3/lib/action_dispatch/middleware/templates/rescues/_request_and_response.html.erb (1.5ms)
  Rendered /Users/cpan/.rvm/gems/ruby-2.3.1/gems/actionpack-4.2.3/lib/action_dispatch/middleware/templates/rescues/routing_error.html.erb within rescues/layout (65.8ms)
  Rendered /Users/cpan/.rvm/gems/ruby-2.3.1/gems/web-console-2.2.1/lib/web_console/templates/_markup.html.erb (0.2ms)
  Rendered /Users/cpan/.rvm/gems/ruby-2.3.1/gems/web-console-2.2.1/lib/web_console/templates/_inner_console_markup.html.erb within layouts/inlined_string (0.5ms)
  Rendered /Users/cpan/.rvm/gems/ruby-2.3.1/gems/web-console-2.2.1/lib/web_console/templates/_prompt_box_markup.html.erb within layouts/inlined_string (0.3ms)
  Rendered /Users/cpan/.rvm/gems/ruby-2.3.1/gems/web-console-2.2.1/lib/web_console/templates/style.css.erb within layouts/inlined_string (0.3ms)
  Rendered /Users/cpan/.rvm/gems/ruby-2.3.1/gems/web-console-2.2.1/lib/web_console/templates/console.js.erb within layouts/javascript (39.5ms)
  Rendered /Users/cpan/.rvm/gems/ruby-2.3.1/gems/web-console-2.2.1/lib/web_console/templates/main.js.erb within layouts/javascript (0.2ms)
  Rendered /Users/cpan/.rvm/gems/ruby-2.3.1/gems/web-console-2.2.1/lib/web_console/templates/error_page.js.erb within layouts/javascript (0.4ms)
  Rendered /Users/cpan/.rvm/gems/ruby-2.3.1/gems/web-console-2.2.1/lib/web_console/templates/index.html.erb (81.7ms)


Started GET "/school_classes/new" for ::1 at 2017-09-23 10:11:23 -0400
Processing by SchoolClassesController#new as HTML
  Rendered school_classes/new.html.erb within layouts/application (3.6ms)
Completed 200 OK in 39ms (Views: 32.3ms | ActiveRecord: 0.5ms)


Started POST "/school_classes" for ::1 at 2017-09-23 10:11:30 -0400
Processing by SchoolClassesController#create as HTML
  Parameters: {"utf8"=>"✓", "authenticity_token"=>"dKhWKxwMnNTioQU2PEfXCF76tmk3+Qk80nTXUh0z04GoZy/rffz5zarl2tIgzzzOEjtQzPMxtt4oNypBOCb5QA==", "school_class"=>{"title"=>"CS", "room_number"=>"2"}, "commit"=>"Create School class"}
Completed 500 Internal Server Error in 3ms (ActiveRecord: 0.0ms)

ActionController::UrlGenerationError (No route matches {:action=>"show", :controller=>"school_classes", :id=>nil} missing required keys: [:id]):
  app/controllers/school_classes_controller.rb:12:in `create'


  Rendered /Users/cpan/.rvm/gems/ruby-2.3.1/gems/actionpack-4.2.3/lib/action_dispatch/middleware/templates/rescues/_source.erb (3.5ms)
  Rendered /Users/cpan/.rvm/gems/ruby-2.3.1/gems/actionpack-4.2.3/lib/action_dispatch/middleware/templates/rescues/_trace.html.erb (1.6ms)
  Rendered /Users/cpan/.rvm/gems/ruby-2.3.1/gems/actionpack-4.2.3/lib/action_dispatch/middleware/templates/rescues/_request_and_response.html.erb (1.2ms)
  Rendered /Users/cpan/.rvm/gems/ruby-2.3.1/gems/actionpack-4.2.3/lib/action_dispatch/middleware/templates/rescues/diagnostics.html.erb within rescues/layout (45.5ms)
  Rendered /Users/cpan/.rvm/gems/ruby-2.3.1/gems/web-console-2.2.1/lib/web_console/templates/_markup.html.erb (0.3ms)
  Rendered /Users/cpan/.rvm/gems/ruby-2.3.1/gems/web-console-2.2.1/lib/web_console/templates/_inner_console_markup.html.erb within layouts/inlined_string (0.3ms)
  Rendered /Users/cpan/.rvm/gems/ruby-2.3.1/gems/web-console-2.2.1/lib/web_console/templates/_prompt_box_markup.html.erb within layouts/inlined_string (0.3ms)
  Rendered /Users/cpan/.rvm/gems/ruby-2.3.1/gems/web-console-2.2.1/lib/web_console/templates/style.css.erb within layouts/inlined_string (0.3ms)
  Rendered /Users/cpan/.rvm/gems/ruby-2.3.1/gems/web-console-2.2.1/lib/web_console/templates/console.js.erb within layouts/javascript (35.5ms)
  Rendered /Users/cpan/.rvm/gems/ruby-2.3.1/gems/web-console-2.2.1/lib/web_console/templates/main.js.erb within layouts/javascript (0.2ms)
  Rendered /Users/cpan/.rvm/gems/ruby-2.3.1/gems/web-console-2.2.1/lib/web_console/templates/error_page.js.erb within layouts/javascript (0.5ms)
  Rendered /Users/cpan/.rvm/gems/ruby-2.3.1/gems/web-console-2.2.1/lib/web_console/templates/index.html.erb (81.4ms)


Started POST "/school_classes" for ::1 at 2017-09-23 10:11:49 -0400
Processing by SchoolClassesController#create as HTML
  Parameters: {"utf8"=>"✓", "authenticity_token"=>"dKhWKxwMnNTioQU2PEfXCF76tmk3+Qk80nTXUh0z04GoZy/rffz5zarl2tIgzzzOEjtQzPMxtt4oNypBOCb5QA==", "school_class"=>{"title"=>"CS", "room_number"=>"2"}, "commit"=>"Create School class"}
  [1m[35m (0.0ms)[0m  begin transaction
  [1m[36mSQL (0.3ms)[0m  [1mINSERT INTO "school_classes" ("title", "room_number", "created_at", "updated_at") VALUES (?, ?, ?, ?)[0m  [["title", "CS"], ["room_number", 2], ["created_at", "2017-09-23 14:11:49.347219"], ["updated_at", "2017-09-23 14:11:49.347219"]]
  [1m[35m (1.0ms)[0m  commit transaction
Redirected to http://localhost:3000/school_classes/1
Completed 302 Found in 8ms (ActiveRecord: 1.8ms)


Started GET "/school_classes/1" for ::1 at 2017-09-23 10:11:49 -0400
Processing by SchoolClassesController#show as HTML
  Parameters: {"id"=>"1"}
  [1m[36mSchoolClass Load (0.2ms)[0m  [1mSELECT  "school_classes".* FROM "school_classes" WHERE "school_classes"."id" = ? LIMIT 1[0m  [["id", 1]]
  Rendered school_classes/show.html.erb within layouts/application (0.4ms)
Completed 200 OK in 24ms (Views: 23.2ms | ActiveRecord: 0.2ms)


Started GET "/school_classes/1/edit" for ::1 at 2017-09-23 10:11:54 -0400
Processing by SchoolClassesController#edit as HTML
  Parameters: {"id"=>"1"}
  [1m[35mSchoolClass Load (0.1ms)[0m  SELECT  "school_classes".* FROM "school_classes" WHERE "school_classes"."id" = ? LIMIT 1  [["id", 1]]
  Rendered school_classes/edit.html.erb within layouts/application (1.5ms)
Completed 200 OK in 35ms (Views: 34.7ms | ActiveRecord: 0.1ms)


Started PATCH "/school_classes/1" for ::1 at 2017-09-23 10:11:57 -0400
Processing by SchoolClassesController#update as HTML
  Parameters: {"utf8"=>"✓", "authenticity_token"=>"hCyAdnOOQKG3Mcs0WD0SI2Y3/IoHeuNPvzqqNvq0fTVY4/m2En4luP91FNBEtfnlKvYaL8OyXK1FeVcl36FX9A==", "school_class"=>{"title"=>"CS", "room_number"=>"5"}, "commit"=>"Update School class", "id"=>"1"}
  [1m[36mSchoolClass Load (0.1ms)[0m  [1mSELECT  "school_classes".* FROM "school_classes" WHERE "school_classes"."id" = ? LIMIT 1[0m  [["id", 1]]
  [1m[35m (0.0ms)[0m  begin transaction
  [1m[36mSQL (0.4ms)[0m  [1mUPDATE "school_classes" SET "room_number" = ?, "updated_at" = ? WHERE "school_classes"."id" = ?[0m  [["room_number", 5], ["updated_at", "2017-09-23 14:11:57.788578"], ["id", 1]]
  [1m[35m (0.8ms)[0m  commit transaction
Redirected to http://localhost:3000/school_classes/1
Completed 302 Found in 4ms (ActiveRecord: 1.3ms)


Started GET "/school_classes/1" for ::1 at 2017-09-23 10:11:57 -0400
Processing by SchoolClassesController#show as HTML
  Parameters: {"id"=>"1"}
  [1m[36mSchoolClass Load (0.2ms)[0m  [1mSELECT  "school_classes".* FROM "school_classes" WHERE "school_classes"."id" = ? LIMIT 1[0m  [["id", 1]]
  Rendered school_classes/show.html.erb within layouts/application (0.1ms)
Completed 200 OK in 39ms (Views: 37.4ms | ActiveRecord: 0.2ms)


Started GET "/school_classes/1" for ::1 at 2017-09-23 10:12:31 -0400
Processing by SchoolClassesController#show as HTML
  Parameters: {"id"=>"1"}
  [1m[35mSchoolClass Load (0.1ms)[0m  SELECT  "school_classes".* FROM "school_classes" WHERE "school_classes"."id" = ? LIMIT 1  [["id", 1]]
  Rendered school_classes/show.html.erb within layouts/application (0.4ms)
Completed 200 OK in 29ms (Views: 28.2ms | ActiveRecord: 0.1ms)
